
Showing logs for build [32mcb-kubecd-environment-pr-197-14-hjmsm-1[0m stage [32mfrom-build-pack[0m and container [32mstep-credential-initializer-gbkwk[0m
{"level":"warn","ts":1586300957.6034224,"logger":"fallback-logger","caller":"logging/config.go:69","msg":"Fetch GitHub commit ID from kodata failed: \"ref: refs/heads/0.8.0-**-support-backwards-incompats\" is not a valid GitHub commit ID"}
{"level":"info","ts":1586300957.6040251,"logger":"fallback-logger","caller":"creds-init/main.go:40","msg":"Credentials initialized."}

Showing logs for build [32mcb-kubecd-environment-pr-197-14-hjmsm-1[0m stage [32mfrom-build-pack[0m and container [32mstep-working-dir-initializer-2kt84[0m
{"level":"warn","ts":1586300958.618312,"logger":"fallback-logger","caller":"logging/config.go:69","msg":"Fetch GitHub commit ID from kodata failed: open /var/run/ko/HEAD: no such file or directory"}
{"level":"info","ts":1586300958.6202698,"logger":"fallback-logger","caller":"bash/main.go:64","msg":"Successfully executed command \"sh -c mkdir -p /workspace/source\"; output "}

Showing logs for build [32mcb-kubecd-environment-pr-197-14-hjmsm-1[0m stage [32mfrom-build-pack[0m and container [32mstep-place-tools[0m

Showing logs for build [32mcb-kubecd-environment-pr-197-14-hjmsm-1[0m stage [32mfrom-build-pack[0m and container [32mstep-git-source-cb-kubecd-environment-pr-197-14-hjmsm-5bxq2[0m
{"level":"warn","ts":1586300963.8511221,"logger":"fallback-logger","caller":"logging/config.go:69","msg":"Fetch GitHub commit ID from kodata failed: \"ref: refs/heads/0.8.0-**-support-backwards-incompats\" is not a valid GitHub commit ID"}
{"level":"info","ts":1586300964.9209404,"logger":"fallback-logger","caller":"git/git.go:103","msg":"Successfully cloned https://github.com/cb-kubecd/environment-pr-197-14-boot-vault-gke-staging.git @ master in path /workspace/source"}

Showing logs for build [32mcb-kubecd-environment-pr-197-14-hjmsm-1[0m stage [32mfrom-build-pack[0m and container [32mstep-git-merge[0m
Using SHAs from PULL_REFS=master:a24b6bce8553dd16f7d4c6cfbb03c1615a3cee42,2:ebc26fb58316d6ceee51b2aa880c145632627cc5
DEBUG: JX_LOG_LEVEL=error LC_ALL=C git fetch origin --unshallow ebc26fb58316d6ceee51b2aa880c145632627cc5: a24b6bce8553dd16f7d4c6cfbb03c1615a3cee42:
DEBUG: ran git fetch --unshallow origin ebc26fb58316d6ceee51b2aa880c145632627cc5: a24b6bce8553dd16f7d4c6cfbb03c1615a3cee42: in 
DEBUG: JX_LOG_LEVEL=error LC_ALL=C git branch
DEBUG: LC_ALL=C JX_LOG_LEVEL=error git checkout master
DEBUG: ran git checkout master in 
DEBUG: JX_LOG_LEVEL=error LC_ALL=C git reset --hard a24b6bce8553dd16f7d4c6cfbb03c1615a3cee42
DEBUG: ran git reset --hard a24b6bce8553dd16f7d4c6cfbb03c1615a3cee42 in 
DEBUG: JX_LOG_LEVEL=error LC_ALL=C git clean -fd .
DEBUG: ran clean --force -d . in 
DEBUG: LC_ALL=C JX_LOG_LEVEL=error git merge ebc26fb58316d6ceee51b2aa880c145632627cc5
DEBUG: ran git merge ebc26fb58316d6ceee51b2aa880c145632627cc5 in 
DEBUG: JX_LOG_LEVEL=error LC_ALL=C git log --format=%H%x1f%an%x1f%ae%x1f%cn%x1f%ce%x1f%s%n%b%x1e a24b6bce8553dd16f7d4c6cfbb03c1615a3cee42..HEAD
Merged SHA ebc26fb58316d6ceee51b2aa880c145632627cc5 with commit message 'chore: Promote bdd-sbhg-1586300521 to version 0.0.1' into base branch master

Showing logs for build [32mcb-kubecd-environment-pr-197-14-hjmsm-1[0m stage [32mfrom-build-pack[0m and container [32mstep-build-helm-build[0m
WARNING: No $CHART_REPOSITORY defined so using the default value of: http://jenkins-x-chartmuseum:8080
Adding missing Helm repo: storage.googleapis.com https://storage.googleapis.com/chartmuseum.jenkins-x.io
WARNING: No secrets found on "helm/repos" due: reading the secret "helm/repos" from vault: no secret "helm/repos" not found in vault
Read credentials for https://storage.googleapis.com/chartmuseum.jenkins-x.io from vault helm/repos
Successfully added Helm repository storage.googleapis.com.
Adding missing Helm repo: jenkins-x-chartmuseum http://jenkins-x-chartmuseum:8080
WARNING: No secrets found on "helm/repos" due: reading the secret "helm/repos" from vault: no secret "helm/repos" not found in vault
Read credentials for http://jenkins-x-chartmuseum:8080 from vault helm/repos
Successfully added Helm repository jenkins-x-chartmuseum.
WARNING: No $CHART_REPOSITORY defined so using the default value of: http://jenkins-x-chartmuseum:8080
Adding missing Helm repo: chartmuseum.jenkins-x.io http://chartmuseum.jenkins-x.io
WARNING: No secrets found on "helm/repos" due: reading the secret "helm/repos" from vault: no secret "helm/repos" not found in vault
Read credentials for http://chartmuseum.jenkins-x.io from vault helm/repos
Successfully added Helm repository chartmuseum.jenkins-x.io.
